2025-07-11 07:21:00, SELF, v:1, k:queimada, rate:100, flow:5, edge:5, neat:3, cool:4, easy:3
2025-07-11 07:21:02, MOVE, v:1, k:queimada, mode:PICK
2025-07-11 07:22:24, EXEC, v:1, k:queimada, mode:FULL, rate:100, size:59
2025-07-11 07:22:39, MOVE, v:1, k:queimada, mode:BACK
2025-07-11 07:22:43, SELF, v:1, k:queimada, rate:100, flow:6, edge:5, neat:3, cool:4, easy:3
2025-07-11 07:22:50, MOVE, v:1, k:ilhas, mode:PICK
2025-07-11 07:22:59, EXEC, v:1, k:ilhas, mode:FULL, rate:100
2025-07-11 07:32:09, EXEC, v:1, k:ilhas, mode:FULL, rate:100, size:67
2025-07-11 07:32:11, MOVE, v:1, k:ilhas, mode:BACK
2025-07-11 07:32:14, SELF, v:1, k:ilhas, rate:100, flow:6, edge:5
2025-07-11 07:32:23, MOVE, v:1, k:labirinto, mode:PICK
2025-07-11 07:33:37, EXEC, v:1, k:labirinto, mode:FULL, rate:100, size:113
2025-07-11 07:33:39, MOVE, v:1, k:labirinto, mode:BACK
2025-07-11 07:33:42, SELF, v:1, k:labirinto, rate:100, flow:6, edge:5, neat:3, cool:4, easy:4
2025-07-11 07:33:56, SELF, v:1, k:longest, flow:2, edge:4
2025-07-11 07:34:03, SELF, v:1, k:longest, rate:90, flow:2, edge:4
2025-07-11 10:09:15, MOVE, v:1, k:caminho, mode:PICK
2025-07-11 10:29:52, EXEC, v:1, k:caminho, mode:FULL, rate:100, size:149
2025-07-11 10:51:09, EXEC, v:1, k:caminho, mode:FULL, rate:100
2025-07-11 10:51:10, MOVE, v:1, k:caminho, mode:BACK
2025-07-11 10:51:16, SELF, v:1, k:caminho, rate:100, flow:2, edge:4
2025-07-11 10:51:46, MOVE, v:1, k:wordsearch, mode:PICK
2025-07-11 10:51:52, MOVE, v:1, k:wordsearch, mode:BACK
2025-07-11 10:51:55, MOVE, v:1, k:subset_sum, mode:PICK
2025-07-11 10:52:17, MOVE, v:1, k:subset_sum, mode:BACK
2025-07-11 10:52:25, MOVE, v:1, k:wordsearch, mode:PICK
2025-07-11 11:15:07, EXEC, v:1, k:wordsearch, mode:FULL, rate:0, size:104
2025-07-11 11:15:08, EXEC, v:1, k:wordsearch, mode:FULL, rate:0
2025-07-11 11:18:37, EXEC, v:1, k:wordsearch, mode:FULL, rate:0, size:104
2025-07-11 11:18:38, EXEC, v:1, k:wordsearch, mode:FULL, rate:0
2025-07-11 11:18:38, EXEC, v:1, k:wordsearch, mode:FULL, rate:0
2025-07-11 11:21:24, EXEC, v:1, k:wordsearch, mode:FULL, rate:50, size:115
2025-07-11 11:22:32, MOVE, v:1, k:wordsearch, mode:BACK
2025-07-11 11:22:34, MOVE, v:1, k:wordsearch, mode:DOWN
2025-07-11 11:22:36, MOVE, v:1, k:wordsearch, mode:PICK
2025-07-11 11:23:29, EXEC, v:1, k:wordsearch, mode:FULL, rate:12, size:62
2025-07-11 11:23:47, EXEC, v:1, k:wordsearch, mode:FULL, rate:50, size:115
2025-07-11 11:23:56, MOVE, v:1, k:wordsearch, mode:BACK
2025-07-11 11:25:30, SELF, v:1, k:wordsearch, rate:50, edge:4
2025-07-11 11:26:46, MOVE, v:1, k:wordsearch, mode:PICK
2025-07-11 11:26:49, EXEC, v:1, k:wordsearch, mode:FULL, rate:50
2025-07-11 11:27:53, MOVE, v:1, k:wordsearch, mode:BACK
2025-07-11 11:28:04, SELF, v:1, k:wordsearch, rate:50, flow:4, edge:4
2025-07-11 11:28:05, MOVE, v:1, k:wordsearch, mode:PICK
2025-07-11 11:28:07, MOVE, v:1, k:wordsearch, mode:BACK
2025-07-11 11:28:11, SELF, v:1, k:wordsearch, rate:50, flow:4, edge:4
2025-07-11 11:28:16, MOVE, v:1, k:pilhado, mode:DOWN
2025-07-11 11:28:31, MOVE, v:1, k:pilhado, mode:PICK
2025-07-11 11:28:41, EXEC, v:1, k:pilhado, mode:FULL, rate:0, size:41
2025-07-11 11:32:24, EXEC, v:1, k:pilhado, mode:FULL, rate:0, size:45
2025-07-11 11:36:36, EXEC, v:1, k:pilhado, mode:FULL, rate:0, size:51
2025-07-11 11:36:38, EXEC, v:1, k:pilhado, mode:FULL, rate:0
2025-07-11 11:39:44, EXEC, v:1, k:pilhado, mode:FULL, rate:0, size:54
2025-07-11 11:40:06, MOVE, v:1, k:pilhado, mode:BACK
2025-07-11 11:40:10, MOVE, v:1, k:queimada, mode:PICK
2025-07-11 11:40:36, EXEC, v:1, k:queimada, mode:FULL, rate:100
2025-07-11 11:40:37, MOVE, v:1, k:queimada, mode:BACK
2025-07-11 11:41:01, MOVE, v:1, k:pilhado, mode:PICK
2025-07-11 11:41:12, EXEC, v:1, k:pilhado, mode:FULL, rate:0, size:54
2025-07-11 11:41:22, MOVE, v:1, k:pilhado, mode:BACK
2025-07-11 11:41:27, MOVE, v:1, k:queimada, mode:PICK
2025-07-11 11:42:48, EXEC, v:1, k:queimada, mode:FULL, rate:100
2025-07-11 11:42:49, MOVE, v:1, k:queimada, mode:BACK
2025-07-11 11:42:55, MOVE, v:1, k:pilhado, mode:PICK
2025-07-11 11:43:02, EXEC, v:1, k:pilhado, mode:FULL, rate:0, size:55
2025-07-11 11:44:21, EXEC, v:1, k:pilhado, mode:FULL, rate:0, size:58
2025-07-11 11:44:22, EXEC, v:1, k:pilhado, mode:FULL, rate:0
2025-07-11 11:44:54, EXEC, v:1, k:pilhado, mode:FULL, rate:0, size:59
2025-07-11 11:44:56, EXEC, v:1, k:pilhado, mode:FULL, rate:0
2025-07-11 11:46:03, EXEC, v:1, k:pilhado, mode:FULL, rate:0, size:62
2025-07-11 11:46:22, EXEC, v:1, k:pilhado, mode:FULL, rate:0, size:62
2025-07-11 11:46:24, EXEC, v:1, k:pilhado, mode:FULL, rate:0
2025-07-11 11:46:29, EXEC, v:1, k:pilhado, mode:FULL, rate:0
2025-07-11 11:47:25, EXEC, v:1, k:pilhado, mode:FULL, rate:0, size:63
2025-07-11 11:48:12, EXEC, v:1, k:pilhado, mode:FULL, rate:0, size:63
2025-07-11 11:51:33, MOVE, v:1, k:pilhado, mode:BACK
2025-07-11 11:51:39, MOVE, v:1, k:queimada, mode:PICK
2025-07-11 11:54:03, MOVE, v:1, k:queimada, mode:BACK
2025-07-11 11:54:08, MOVE, v:1, k:pilhado, mode:PICK
2025-07-11 12:23:48, EXEC, v:1, k:pilhado, mode:FULL, rate:0, size:124
2025-07-11 12:24:33, EXEC, v:1, k:pilhado, mode:FULL, rate:0, size:124
2025-07-11 12:24:34, EXEC, v:1, k:pilhado, mode:FULL, rate:0
2025-07-11 12:24:40, EXEC, v:1, k:pilhado, mode:FULL, rate:0, size:124
2025-07-11 12:25:56, EXEC, v:1, k:pilhado, mode:FULL, rate:0, size:124
2025-07-11 12:26:06, EXEC, v:1, k:pilhado, mode:FULL, rate:0
2025-07-11 12:26:33, EXEC, v:1, k:pilhado, mode:FREE
2025-07-11 12:27:38, EXEC, v:1, k:pilhado, mode:FULL, rate:0, size:128
2025-07-11 12:27:55, EXEC, v:1, k:pilhado, mode:FULL, rate:0, size:128
2025-07-11 12:27:57, EXEC, v:1, k:pilhado, mode:FULL, rate:0
2025-07-11 12:28:14, EXEC, v:1, k:pilhado, mode:FULL, rate:0, size:128
2025-07-11 12:28:20, EXEC, v:1, k:pilhado, mode:FULL, rate:0, size:128
2025-07-11 12:31:46, EXEC, v:1, k:pilhado, mode:FULL, rate:0, size:130
2025-07-11 12:36:37, EXEC, v:1, k:pilhado, mode:FULL, rate:0, size:126
2025-07-11 12:38:36, EXEC, v:1, k:pilhado, mode:FULL, rate:0, size:132
2025-07-11 16:38:43, MOVE, v:1, k:permutacoes, mode:DOWN
2025-07-11 16:38:46, MOVE, v:1, k:permutacoes, mode:PICK
2025-07-11 16:39:01, MOVE, v:1, k:permutacoes, mode:BACK
2025-07-11 16:39:03, MOVE, v:1, k:pilhado, mode:PICK
2025-07-11 16:40:44, MOVE, v:1, k:pilhado, mode:BACK
2025-07-11 17:26:14, MOVE, v:1, k:pilhado, mode:PICK
2025-07-11 17:26:18, EXEC, v:1, k:pilhado, mode:FULL, rate:0, size:135
2025-07-11 18:42:38, EXEC, v:1, k:pilhado, mode:FULL, rate:0, size:127
2025-07-11 18:43:07, EXEC, v:1, k:pilhado, mode:FULL, rate:0, size:127
2025-07-11 18:43:40, MOVE, v:1, k:pilhado, mode:BACK
