2025-07-14 18:38:32, MOVE, v:1, k:distancia, mode:DOWN
2025-07-14 18:38:33, MOVE, v:1, k:distancia, mode:PICK
2025-07-14 19:22:18, EXEC, v:1, k:distancia, mode:FULL, rate:0, size:67
2025-07-14 19:27:53, EXEC, v:1, k:distancia, mode:FULL, rate:0, size:71
2025-07-14 19:27:54, EXEC, v:1, k:distancia, mode:FULL, rate:0
2025-07-14 19:27:55, EXEC, v:1, k:distancia, mode:FULL, rate:0
2025-07-14 19:27:55, EXEC, v:1, k:distancia, mode:FULL, rate:0
2025-07-14 19:27:56, EXEC, v:1, k:distancia, mode:FULL, rate:0
2025-07-14 19:28:05, EXEC, v:1, k:distancia, mode:FULL, rate:0, size:70
2025-07-14 19:29:55, EXEC, v:1, k:distancia, mode:FULL, rate:0, size:70
2025-07-14 19:30:54, EXEC, v:1, k:distancia, mode:FULL, rate:0, size:71
2025-07-14 19:31:06, EXEC, v:1, k:distancia, mode:FULL, rate:0, size:71
2025-07-14 19:31:17, EXEC, v:1, k:distancia, mode:FULL, rate:0, size:71
2025-07-14 19:32:38, EXEC, v:1, k:distancia, mode:FULL, rate:0, size:71
2025-07-14 19:34:26, EXEC, v:1, k:distancia, mode:FULL, rate:0, size:71
2025-07-14 19:34:29, EXEC, v:1, k:distancia, mode:FULL, rate:0
2025-07-14 19:34:37, EXEC, v:1, k:distancia, mode:FULL, rate:0, size:71
2025-07-14 19:36:16, EXEC, v:1, k:distancia, mode:FULL, rate:0, size:71
2025-07-14 19:40:29, EXEC, v:1, k:distancia, mode:FULL, rate:0, size:59
2025-07-14 19:40:32, EXEC, v:1, k:distancia, mode:FULL, rate:0
2025-07-14 19:40:34, EXEC, v:1, k:distancia, mode:FULL, rate:0
2025-07-14 19:43:10, EXEC, v:1, k:distancia, mode:FULL, rate:0, size:59
2025-07-14 19:44:42, EXEC, v:1, k:distancia, mode:FULL, rate:0, size:62
2025-07-14 19:44:45, EXEC, v:1, k:distancia, mode:FULL, rate:0
2025-07-14 19:46:31, EXEC, v:1, k:distancia, mode:FULL, rate:0, size:62
2025-07-14 21:40:11, EXEC, v:1, k:distancia, mode:FULL, rate:0, size:62
2025-07-14 21:46:37, EXEC, v:1, k:distancia, mode:FULL, rate:0, size:66
2025-07-14 21:46:39, EXEC, v:1, k:distancia, mode:FULL, rate:0
2025-07-14 21:46:55, EXEC, v:1, k:distancia, mode:FULL, rate:0, size:66
2025-07-14 21:53:57, EXEC, v:1, k:distancia, mode:FULL, rate:0, size:71
2025-07-14 21:55:32, EXEC, v:1, k:distancia, mode:FULL, rate:0, size:71
2025-07-14 21:56:15, EXEC, v:1, k:distancia, mode:FULL, rate:0
2025-07-14 21:59:52, EXEC, v:1, k:distancia, mode:FREE
2025-07-14 22:00:35, EXEC, v:1, k:distancia, mode:FULL, rate:0, size:71
2025-07-14 22:01:29, EXEC, v:1, k:distancia, mode:FREE, size:85
2025-07-14 22:12:19, MOVE, v:1, k:distancia, mode:BACK
2025-07-14 22:12:35, MOVE, v:1, k:permutacoes, mode:PICK
2025-07-14 22:13:57, MOVE, v:1, k:permutacoes, mode:BACK
